<?xml version="1.0" encoding="UTF-8"?>
<!-- Generated by org.testng.reporters.JUnitXMLReporter -->
<testsuite ignored="0" hostname="Satya" failures="1" tests="2" name="ErrorValidationTest" time="28.934" errors="0" timestamp="2025-06-23T20:04:08 IST">
  <testcase classname="SatyasSeleniumSuite.SeleniumFrameworkDesigns.e2e.ErrorValidation" name="loginAndvalidateError" time="1.118">
    <failure type="java.lang.AssertionError" message="expected [Incorrect email or password.] but found [Incorrect email  password.]">
      <![CDATA[java.lang.AssertionError: expected [Incorrect email or password.] but found [Incorrect email  password.]
at SatyasSeleniumSuite.SeleniumFrameworkDesigns.e2e.ErrorValidation.loginAndvalidateError(ErrorValidation.java:22)
at java.base/java.util.ArrayList.forEach(ArrayList.java:1596)
... Removed 31 stack frames]]>
    </failure>
  </testcase> <!-- loginAndvalidateError -->
  <testcase classname="SatyasSeleniumSuite.SeleniumFrameworkDesigns.e2e.ErrorValidation" name="productErrorValidation" time="5.96"/>
</testsuite> <!-- ErrorValidationTest -->
